2025-06-26 15:05:01,128 [INFO] Adapting initial global model head to 4 classes...
2025-06-26 15:06:04,409 [INFO] Dummy training for head adaptation completed successfully.
2025-06-26 15:06:04,456 [INFO] ✅ Initial global model (adapted to 4 classes) saved to: FL_YOLOv8_Project_Outputs_MP\global_model_checkpoints\global_model_r0.pt
2025-06-26 15:06:04,456 [INFO] Cleaned up temporary adaptation directory: _temp_global_adapter_project
2025-06-26 15:06:04,519 [INFO] 
===== Federated Learning Round 1/3 =====
2025-06-26 15:06:04,566 [INFO] Server: Global model for round 1 saved at FL_YOLOv8_Project_Outputs_MP\global_model_checkpoints\global_model_r0.pt
2025-06-26 15:06:04,629 [INFO] Server: Starting parallel training for 2 clients...
2025-06-26 15:07:32,332 [INFO] Server: Aggregating models from 2 clients...
2025-06-26 15:32:15,999 [INFO] Adapting initial global model head to 4 classes...
2025-06-26 15:32:15,999 [INFO] Initial model at FL_YOLOv8_Project_Outputs_MP\global_model_checkpoints\global_model_r0.pt already exists. Skipping adaptation.
2025-06-26 15:32:16,061 [INFO] 
===== Federated Learning Round 1/2 =====
2025-06-26 15:32:16,108 [INFO] Server: Global model for round 1 saved at FL_YOLOv8_Project_Outputs_MP\global_model_checkpoints\global_model_r0.pt
2025-06-26 15:32:16,208 [INFO] Server: Starting parallel training for 2 clients...
2025-06-26 15:33:36,454 [INFO] Server: Aggregating models from 2 clients...
2025-06-26 15:37:22,240 [INFO] Adapting initial global model head to 4 classes (if needed)...
2025-06-26 15:37:22,240 [INFO] Adapting initial global model head to 4 classes...
2025-06-26 15:37:22,240 [INFO] Initial model at FL_YOLOv8_Project_Outputs_MP\global_model_checkpoints\global_model_r0.pt already exists. Skipping adaptation.
2025-06-26 15:37:22,256 [INFO] Initial global model for FL saved at FL_YOLOv8_Project_Outputs_MP\global_model_checkpoints\global_model_r0.pt
2025-06-26 15:37:22,382 [INFO] 
===== Federated Learning Round 1/2 =====
2025-06-26 15:37:22,460 [INFO] Server: Global model for round 1 saved at FL_YOLOv8_Project_Outputs_MP\global_model_checkpoints\global_model_r0.pt
2025-06-26 15:37:22,609 [INFO] Server: Starting parallel training for 2 clients...
2025-06-26 15:39:24,111 [INFO] Server: Aggregating models from 2 clients...
2025-06-26 15:48:28,855 [INFO] Adapting initial global model head to 4 classes (if needed)...
2025-06-26 15:48:28,855 [INFO] Adapting initial global model head to 4 classes...
2025-06-26 15:49:27,886 [INFO] Dummy training for head adaptation completed successfully.
2025-06-26 15:49:27,970 [INFO] ✅ Initial global model (adapted to 4 classes) saved to: FL_YOLOv8_Project_Outputs_MP\global_model_checkpoints\global_model_r0.pt
2025-06-26 15:49:27,988 [INFO] Cleaned up temporary adaptation directory: _temp_global_adapter_project
2025-06-26 15:49:28,003 [INFO] Initial global model for FL saved at FL_YOLOv8_Project_Outputs_MP\global_model_checkpoints\global_model_r0.pt
2025-06-26 15:49:28,071 [INFO] 
===== Federated Learning Round 1/2 =====
2025-06-26 15:49:28,137 [INFO] Server: Global model for round 1 saved at FL_YOLOv8_Project_Outputs_MP\global_model_checkpoints\global_model_r0.pt
2025-06-26 15:49:28,259 [INFO] Server: Starting parallel training for 2 clients...
2025-06-26 15:51:42,013 [INFO] Server: Aggregating models from 2 clients...
2025-06-26 16:15:35,567 [INFO] Adapting initial global model head to 4 classes (if needed)...
2025-06-26 16:15:35,567 [INFO] Adapting initial global model head to 4 classes...
2025-06-26 16:16:49,292 [INFO] Dummy training for head adaptation completed successfully.
2025-06-26 16:16:49,386 [INFO] ✅ Initial global model (adapted to 4 classes) saved to: FL_YOLOv8_Project_Outputs_MP\global_model_checkpoints\global_model_r0.pt
2025-06-26 16:16:49,386 [INFO] Cleaned up temporary adaptation directory: _temp_global_adapter_project
2025-06-26 16:16:49,401 [INFO] Initial global model for FL saved at FL_YOLOv8_Project_Outputs_MP\global_model_checkpoints\global_model_r0.pt
2025-06-26 16:16:49,480 [INFO] 
===== Federated Learning Round 1/2 =====
2025-06-26 16:16:49,558 [INFO] Server: Global model for round 1 saved at FL_YOLOv8_Project_Outputs_MP\global_model_checkpoints\global_model_r0.pt
2025-06-26 16:16:49,701 [INFO] Server: Starting parallel training for 2 clients...
2025-06-26 16:20:23,014 [INFO] Server: Aggregating models from 2 clients...
2025-06-26 16:25:41,834 [INFO] Adapting initial global model head to 4 classes (if needed)...
2025-06-26 16:25:41,834 [INFO] Adapting initial global model head to 4 classes...
2025-06-26 16:25:41,834 [INFO] Initial model at FL_YOLOv8_Project_Outputs_MP\global_model_checkpoints\global_model_r0.pt already exists. Skipping adaptation.
2025-06-26 16:25:41,834 [INFO] Initial global model for FL saved at FL_YOLOv8_Project_Outputs_MP\global_model_checkpoints\global_model_r0.pt
2025-06-26 16:25:41,944 [INFO] 
===== Federated Learning Round 1/2 =====
2025-06-26 16:25:42,022 [INFO] Server: Global model for round 1 saved at FL_YOLOv8_Project_Outputs_MP\global_model_checkpoints\global_model_r0.pt
2025-06-26 16:25:42,154 [INFO] Server: Starting parallel training for 2 clients...
2025-06-26 16:28:20,521 [INFO] Server: Aggregating models from 2 clients...
2025-06-26 16:40:26,321 [INFO] Adapting initial global model head to 4 classes (if needed)...
2025-06-26 16:40:26,321 [INFO] Adapting initial global model head to 4 classes...
2025-06-26 16:40:26,321 [INFO] Initial model at FL_YOLOv8_Project_Outputs_MP\global_model_checkpoints\global_model_r0.pt already exists. Skipping adaptation.
2025-06-26 16:40:26,321 [INFO] Initial global model for FL saved at FL_YOLOv8_Project_Outputs_MP\global_model_checkpoints\global_model_r0.pt
2025-06-26 16:40:26,499 [INFO] 
===== Federated Learning Round 1/2 =====
2025-06-26 16:40:26,606 [INFO] Server: Global model for round 1 saved at FL_YOLOv8_Project_Outputs_MP\global_model_checkpoints\global_model_r0.pt
2025-06-26 16:40:26,770 [INFO] Server: Starting parallel training for 2 clients...
2025-06-26 16:45:14,168 [INFO] Server: Aggregating models from 2 clients...
2025-06-26 16:45:14,418 [INFO] Server: Aggregation complete.
2025-06-26 16:45:14,418 [INFO] 
===== Federated Learning Round 2/2 =====
2025-06-26 16:45:14,544 [INFO] Server: Global model for round 2 saved at FL_YOLOv8_Project_Outputs_MP\global_model_checkpoints\global_model_r1.pt
2025-06-26 16:45:14,685 [INFO] Server: Starting parallel training for 2 clients...
2025-06-26 16:49:11,630 [INFO] Server: Aggregating models from 2 clients...
2025-06-26 16:49:11,865 [INFO] Server: Aggregation complete.
2025-06-26 16:49:12,006 [INFO] 
Federated Learning training finished. Final model saved to FL_YOLOv8_Project_Outputs_MP\global_model_checkpoints\global_model_final.pt
